<?xml version="1.0" encoding="utf-8"?><testsuite errors="0" failures="0" name="pytest" skips="0" tests="7" time="0.311"><testcase classname="pytests.test_index" file="pytests/test_index.py" line="9" name="test_conda_environment_activated" time="0.0014111995697021484"></testcase><testcase classname="pytests.test_index" file="pytests/test_index.py" line="12" name="test_ceo" time="0.0006816387176513672"></testcase><testcase classname="pytests.test_index" file="pytests/test_index.py" line="16" name="test_art_vandelay" time="0.0005667209625244141"></testcase><testcase classname="pytests.test_index" file="pytests/test_index.py" line="20" name="test_ends_with_com" time="0.0005884170532226562"></testcase><testcase classname="pytests.test_index" file="pytests/test_index.py" line="24" name="test_web_address" time="0.0005819797515869141"></testcase><testcase classname="pytests.test_index" file="pytests/test_index.py" line="28" name="test_phone_num_one" time="0.0006220340728759766"></testcase><testcase classname="pytests.test_index" file="pytests/test_index.py" line="32" name="test_phone_num_two" time="0.0006644725799560547"></testcase></testsuite>